<?xml version="1.0" encoding="UTF-8"?>
<testsuite name="com.example.customers_backend.CustomersBackendApplicationTests" tests="1" skipped="0" failures="0" errors="0" timestamp="2025-02-02T20:19:24" hostname="MacBook-Pro-som-tillhor-christian.local" time="0.003">
  <properties/>
  <testcase name="contextLoads()" classname="com.example.customers_backend.CustomersBackendApplicationTests" time="0.003"/>
  <system-out><![CDATA[2025-02-02T21:19:24.484+01:00  INFO 88399 --- [customers_backend] [    Test worker] t.c.s.AnnotationConfigContextLoaderUtils : Could not detect default configuration classes for test class [com.example.customers_backend.CustomersBackendApplicationTests]: CustomersBackendApplicationTests does not declare any static, non-private, non-final, nested classes annotated with @Configuration.
2025-02-02T21:19:24.485+01:00  INFO 88399 --- [customers_backend] [    Test worker] .b.t.c.SpringBootTestContextBootstrapper : Found @SpringBootConfiguration com.example.customers_backend.CustomersBackendApplication for test class com.example.customers_backend.CustomersBackendApplicationTests

  .   ____          _            __ _ _
 /\\ / ___'_ __ _ _(_)_ __  __ _ \ \ \ \
( ( )\___ | '_ | '_| | '_ \/ _` | \ \ \ \
 \\/  ___)| |_)| | | | | || (_| |  ) ) ) )
  '  |____| .__|_| |_|_| |_\__, | / / / /
 =========|_|==============|___/=/_/_/_/

 :: Spring Boot ::                (v3.4.2)

2025-02-02T21:19:24.500+01:00  INFO 88399 --- [customers_backend] [    Test worker] c.e.c.CustomersBackendApplicationTests   : Starting CustomersBackendApplicationTests using Java 17.0.3 with PID 88399 (started by dallas in /Users/dallas/IdeaProjects/Customers/customers_backend)
2025-02-02T21:19:24.500+01:00  INFO 88399 --- [customers_backend] [    Test worker] c.e.c.CustomersBackendApplicationTests   : No active profile set, falling back to 1 default profile: "default"
2025-02-02T21:19:24.588+01:00  INFO 88399 --- [customers_backend] [    Test worker] .s.d.r.c.RepositoryConfigurationDelegate : Bootstrapping Spring Data JPA repositories in DEFAULT mode.
2025-02-02T21:19:24.592+01:00  INFO 88399 --- [customers_backend] [    Test worker] .s.d.r.c.RepositoryConfigurationDelegate : Finished Spring Data repository scanning in 3 ms. Found 1 JPA repository interface.
2025-02-02T21:19:24.661+01:00  INFO 88399 --- [customers_backend] [    Test worker] com.zaxxer.hikari.HikariDataSource       : HikariPool-2 - Starting...
2025-02-02T21:19:24.662+01:00  INFO 88399 --- [customers_backend] [    Test worker] com.zaxxer.hikari.pool.HikariPool        : HikariPool-2 - Added connection conn10: url=jdbc:h2:mem:customerdb user=SA
2025-02-02T21:19:24.662+01:00  INFO 88399 --- [customers_backend] [    Test worker] com.zaxxer.hikari.HikariDataSource       : HikariPool-2 - Start completed.
2025-02-02T21:19:24.663+01:00  INFO 88399 --- [customers_backend] [    Test worker] org.flywaydb.core.FlywayExecutor         : Database: jdbc:h2:mem:customerdb (H2 2.3)
2025-02-02T21:19:24.664+01:00  WARN 88399 --- [customers_backend] [    Test worker] o.f.c.internal.database.base.Database    : Flyway upgrade recommended: H2 2.3.232 is newer than this version of Flyway and support has not been tested. The latest supported version of H2 is 2.2.224.
2025-02-02T21:19:24.667+01:00  INFO 88399 --- [customers_backend] [    Test worker] o.f.core.internal.command.DbValidate     : Successfully validated 1 migration (execution time 00:00.002s)
2025-02-02T21:19:24.670+01:00  INFO 88399 --- [customers_backend] [    Test worker] o.f.core.internal.command.DbMigrate      : Current version of schema "PUBLIC": 1
2025-02-02T21:19:24.670+01:00  INFO 88399 --- [customers_backend] [    Test worker] o.f.core.internal.command.DbMigrate      : Schema "PUBLIC" is up to date. No migration necessary.
2025-02-02T21:19:24.680+01:00  INFO 88399 --- [customers_backend] [    Test worker] o.hibernate.jpa.internal.util.LogHelper  : HHH000204: Processing PersistenceUnitInfo [name: default]
2025-02-02T21:19:24.682+01:00  INFO 88399 --- [customers_backend] [    Test worker] o.h.c.internal.RegionFactoryInitiator    : HHH000026: Second-level cache disabled
2025-02-02T21:19:24.687+01:00  INFO 88399 --- [customers_backend] [    Test worker] o.s.o.j.p.SpringPersistenceUnitInfo      : No LoadTimeWeaver setup: ignoring JPA class transformer
2025-02-02T21:19:24.688+01:00  WARN 88399 --- [customers_backend] [    Test worker] org.hibernate.orm.deprecation            : HHH90000025: H2Dialect does not need to be specified explicitly using 'hibernate.dialect' (remove the property setting and it will be selected by default)
2025-02-02T21:19:24.688+01:00  INFO 88399 --- [customers_backend] [    Test worker] org.hibernate.orm.connections.pooling    : HHH10001005: Database info:
	Database JDBC URL [Connecting through datasource 'HikariDataSource (HikariPool-2)']
	Database driver: undefined/unknown
	Database version: 2.3.232
	Autocommit mode: undefined/unknown
	Isolation level: undefined/unknown
	Minimum pool size: undefined/unknown
	Maximum pool size: undefined/unknown
2025-02-02T21:19:24.709+01:00  INFO 88399 --- [customers_backend] [    Test worker] o.h.e.t.j.p.i.JtaPlatformInitiator       : HHH000489: No JTA platform available (set 'hibernate.transaction.jta.platform' to enable JTA platform integration)
2025-02-02T21:19:24.711+01:00  INFO 88399 --- [customers_backend] [    Test worker] j.LocalContainerEntityManagerFactoryBean : Initialized JPA EntityManagerFactory for persistence unit 'default'
2025-02-02T21:19:24.733+01:00  WARN 88399 --- [customers_backend] [    Test worker] JpaBaseConfiguration$JpaWebConfiguration : spring.jpa.open-in-view is enabled by default. Therefore, database queries may be performed during view rendering. Explicitly configure spring.jpa.open-in-view to disable this warning
2025-02-02T21:19:24.739+01:00 DEBUG 88399 --- [customers_backend] [    Test worker] swordEncoderAuthenticationManagerBuilder : No authenticationProviders and no parentAuthenticationManager defined. Returning null.
2025-02-02T21:19:24.773+01:00 DEBUG 88399 --- [customers_backend] [    Test worker] o.s.s.web.DefaultSecurityFilterChain     : Will secure any request with filters: DisableEncodeUrlFilter, WebAsyncManagerIntegrationFilter, SecurityContextHolderFilter, HeaderWriterFilter, CsrfFilter, LogoutFilter, BearerTokenAuthenticationFilter, RequestCacheAwareFilter, SecurityContextHolderAwareRequestFilter, AnonymousAuthenticationFilter, ExceptionTranslationFilter, AuthorizationFilter
2025-02-02T21:19:24.798+01:00  INFO 88399 --- [customers_backend] [    Test worker] o.s.b.a.h2.H2ConsoleAutoConfiguration    : H2 console available at '/h2-console'. Database available at 'jdbc:h2:mem:customerdb'
2025-02-02T21:19:24.814+01:00  INFO 88399 --- [customers_backend] [    Test worker] c.e.c.CustomersBackendApplicationTests   : Started CustomersBackendApplicationTests in 0.327 seconds (process running for 3.578)
]]></system-out>
  <system-err><![CDATA[]]></system-err>
</testsuite>
